5 -7 86.4583
-1 -7 81.5104
5 -1 85.9375
-1 -1 85.6771
11 -7 86.7188
11 -1 76.8229
5 -13 81.5104
-1 -13 81.5104
11 -13 86.4583
-3 -7 81.5104
-3 -1 82.5521
-3 -13 81.5104
5 1 80.4688
-1 1 86.1979
11 1 78.125
-3 1 84.6354
9 -7 87.7604
9 -1 77.6042
9 -13 81.5104
9 1 78.125
5 -11 81.5104
-1 -11 81.5104
11 -11 87.7604
-3 -11 81.5104
9 -11 86.4583
3 -7 81.5104
3 -1 87.5
3 -13 81.5104
3 1 85.1562
3 -11 81.5104
5 -5 87.5
-1 -5 81.5104
11 -5 82.2917
-3 -5 81.5104
9 -5 86.4583
3 -5 86.4583
15 -7 78.3854
15 -1 76.8229
15 -13 87.7604
15 1 78.125
15 -11 86.7188
15 -5 77.8646
5 -15 81.5104
-1 -15 81.5104
11 -15 81.5104
-3 -15 81.5104
9 -15 81.5104
3 -15 81.5104
15 -15 87.7604
-5 -7 81.5104
-5 -1 82.8125
-5 -13 81.5104
-5 1 83.8542
-5 -11 81.5104
-5 -5 81.5104
-5 -15 81.5104
5 3 82.2917
-1 3 86.4583
11 3 82.2917
-3 3 84.375
9 3 82.2917
3 3 83.0729
15 3 82.2917
-5 3 83.8542
7 -7 87.5
7 -1 80.9896
7 -13 81.5104
7 1 78.3854
7 -11 81.5104
7 -5 87.5
7 -15 81.5104
7 3 82.2917
5 -9 81.5104
-1 -9 81.5104
11 -9 87.7604
-3 -9 81.5104
9 -9 87.7604
3 -9 81.5104
15 -9 82.8125
-5 -9 81.5104
7 -9 86.4583
1 -7 81.5104
1 -1 87.2396
1 -13 81.5104
1 1 88.0208
1 -11 81.5104
1 -5 81.5104
1 -15 81.5104
1 3 85.6771
1 -9 81.5104
5 -3 87.5
-1 -3 81.25
11 -3 78.9062
-3 -3 81.25
9 -3 82.0312
3 -3 87.2396
15 -3 76.0417
-5 -3 81.5104
7 -3 86.4583
1 -3 86.1979
13 -7 82.8125
13 -1 76.8229
13 -13 87.7604
13 1 78.125
13 -11 87.7604
13 -5 78.3854
13 -15 86.4583
13 3 82.2917
13 -9 86.7188
13 -3 76.0417
